{"name":"buyPhoneTest","status":"broken","statusDetails":{"known":false,"muted":false,"flaky":false,"message":"Cannot locate element with text: Motorola\nFor documentation on this error, please visit: https://www.seleniumhq.org/exceptions/no_such_element.html\nBuild info: version: '3.141.59', revision: 'e82be7d358', time: '2018-11-14T08:17:03'\nSystem info: host: 'LAPTOP-UC1U8QLD', ip: '192.168.0.18', os.name: 'Windows 10', os.arch: 'amd64', os.version: '10.0', java.version: '1.8.0_261'\nDriver info: driver.version: unknown","trace":"org.openqa.selenium.NoSuchElementException: Cannot locate element with text: Motorola\nFor documentation on this error, please visit: https://www.seleniumhq.org/exceptions/no_such_element.html\nBuild info: version: '3.141.59', revision: 'e82be7d358', time: '2018-11-14T08:17:03'\nSystem info: host: 'LAPTOP-UC1U8QLD', ip: '192.168.0.18', os.name: 'Windows 10', os.arch: 'amd64', os.version: '10.0', java.version: '1.8.0_261'\nDriver info: driver.version: unknown\r\n\tat org.openqa.selenium.support.ui.Select.selectByVisibleText(Select.java:147)\r\n\tat com.freedommobile.pages.BasePage.selectFromDropDownListByText(BasePage.java:79)\r\n\tat com.freedommobile.pages.DeviceShopPage.selectBrand(DeviceShopPage.java:32)\r\n\tat com.freedommobile.userstories.BuyPhoneTest.buyPhoneTest(BuyPhoneTest.java:33)\r\n\tat sun.reflect.NativeMethodAccessorImpl.invoke0(Native Method)\r\n\tat sun.reflect.NativeMethodAccessorImpl.invoke(NativeMethodAccessorImpl.java:62)\r\n\tat sun.reflect.DelegatingMethodAccessorImpl.invoke(DelegatingMethodAccessorImpl.java:43)\r\n\tat java.lang.reflect.Method.invoke(Method.java:498)\r\n\tat org.testng.internal.MethodInvocationHelper.invokeMethod(MethodInvocationHelper.java:132)\r\n\tat org.testng.internal.TestInvoker.invokeMethod(TestInvoker.java:599)\r\n\tat org.testng.internal.TestInvoker.invokeTestMethod(TestInvoker.java:174)\r\n\tat org.testng.internal.MethodRunner.runInSequence(MethodRunner.java:46)\r\n\tat org.testng.internal.TestInvoker$MethodInvocationAgent.invoke(TestInvoker.java:822)\r\n\tat org.testng.internal.TestInvoker.invokeTestMethods(TestInvoker.java:147)\r\n\tat org.testng.internal.TestMethodWorker.invokeTestMethods(TestMethodWorker.java:146)\r\n\tat org.testng.internal.TestMethodWorker.run(TestMethodWorker.java:128)\r\n\tat java.util.ArrayList.forEach(ArrayList.java:1259)\r\n\tat org.testng.TestRunner.privateRun(TestRunner.java:764)\r\n\tat org.testng.TestRunner.run(TestRunner.java:585)\r\n\tat org.testng.SuiteRunner.runTest(SuiteRunner.java:384)\r\n\tat org.testng.SuiteRunner.access$000(SuiteRunner.java:28)\r\n\tat org.testng.SuiteRunner$SuiteWorker.run(SuiteRunner.java:425)\r\n\tat org.testng.internal.thread.ThreadUtil.lambda$execute$0(ThreadUtil.java:66)\r\n\tat java.util.concurrent.FutureTask.run(FutureTask.java:266)\r\n\tat java.util.concurrent.ThreadPoolExecutor.runWorker(ThreadPoolExecutor.java:1149)\r\n\tat java.util.concurrent.ThreadPoolExecutor$Worker.run(ThreadPoolExecutor.java:624)\r\n\tat java.lang.Thread.run(Thread.java:748)\r\n"},"stage":"finished","steps":[],"attachments":[{"name":"Page screenshot","source":"b0f62ebc-43cc-4c3f-b339-c01f763b7f8a-attachment","type":"image/png"},{"name":"buyPhoneTest FAILED with the following parameters:\n[]","source":"2930fb24-aa57-4d00-a0cf-6692823ea2f6-attachment","type":"text/plain"},{"name":"Cannot locate element with text: Motorola\nFor documentation on this error, please visit: https://www.seleniumhq.org/exceptions/no_such_element.html\nBuild info: version: '3.141.59', revision: 'e82be7d358', time: '2018-11-14T08:17:03'\nSystem info: host: 'LAPTOP-UC1U8QLD', ip: '192.168.0.18', os.name: 'Windows 10', os.arch: 'amd64', os.version: '10.0', java.version: '1.8.0_261'\nDriver info: driver.version: unknown","source":"6c0915d0-1bc3-49af-b1d6-48528dd6aa6d-attachment","type":"text/plain"}],"parameters":[{"name":"browser","value":"chrome"}],"start":1608742157045,"stop":1608742168202,"uuid":"1a14f4af-ceed-4109-80f3-d284821ad45b","historyId":"c82c1055efdbdd70d09f2a7f0a479314","fullName":"com.freedommobile.userstories.BuyPhoneTest.buyPhoneTest","labels":[{"name":"package","value":"com.freedommobile.userstories.BuyPhoneTest"},{"name":"testClass","value":"com.freedommobile.userstories.BuyPhoneTest"},{"name":"testMethod","value":"buyPhoneTest"},{"name":"parentSuite","value":"BuyPhoneTestSuite"},{"name":"suite","value":"BuyPhoneTest-CH"},{"name":"subSuite","value":"com.freedommobile.userstories.BuyPhoneTest"},{"name":"host","value":"LAPTOP-UC1U8QLD"},{"name":"thread","value":"3744@LAPTOP-UC1U8QLD.TestNG-tests-1(13)"},{"name":"framework","value":"testng"},{"name":"language","value":"java"}],"links":[]}